<?xml version="1.0" encoding="UTF-8"?>
<!-- Generated by org.testng.reporters.JUnitReportReporter -->
<testsuite hostname="4020ANUJKU2579L" failures="0" tests="1" name="com.org.test.Footer_test" time="0.136" errors="0" timestamp="15 Jun 2021 16:02:51 GMT" skipped="0">
  <testcase classname="com.org.test.Footer_test" name="showtext" time="0.136"/>
</testsuite> <!-- com.org.test.Footer_test -->
