<?xml version="1.0" encoding="UTF-8"?>
<!-- Generated by org.testng.reporters.JUnitReportReporter -->
<testsuite hostname="4020ANUJKU2579L" failures="0" tests="1" name="com.org.test.Leftmenu_test" time="0.206" errors="0" timestamp="14 Jun 2021 18:16:55 GMT" skipped="0">
  <testcase classname="com.org.test.Leftmenu_test" name="opensellink" time="0.206"/>
</testsuite> <!-- com.org.test.Leftmenu_test -->
