<?xml version="1.0" encoding="UTF-8"?>
<!-- Generated by org.testng.reporters.JUnitReportReporter -->
<testsuite hostname="4020ANUJKU2579L" failures="0" tests="3" name="Pradeep.Home_Automation.Home_website" time="0.192" errors="0" timestamp="2021-05-23T21:32:23 IST" skipped="0">
  <testcase classname="Pradeep.Home_Automation.Home_website" name="fname" time="0.096"/>
  <system-out/>
  <testcase classname="Pradeep.Home_Automation.Home_website" name="mname" time="0.049"/>
  <system-out/>
  <testcase classname="Pradeep.Home_Automation.Home_website" name="lname" time="0.047"/>
  <system-out/>
</testsuite> <!-- Pradeep.Home_Automation.Home_website -->
