<?xml version="1.0" encoding="UTF-8"?>
<!-- Generated by org.testng.reporters.JUnitReportReporter -->
<testsuite hostname="4020ANUJKU2579L" failures="0" tests="1" name="com.org.test.Calender_test" time="0.073" errors="0" timestamp="03 Jun 2021 17:34:56 GMT" skipped="0">
  <testcase classname="com.org.test.Calender_test" name="setdate" time="0.073"/>
</testsuite> <!-- com.org.test.Calender_test -->
